{"D:\\interview\\gohighlevel\\index.js": {"path":"D:\\interview\\gohighlevel\\index.js","statementMap":{"0":{"start":{"line":7,"column":16},"end":{"line":7,"column":46}},"1":{"start":{"line":8,"column":20},"end":{"line":8,"column":52}},"2":{"start":{"line":12,"column":12},"end":{"line":12,"column":21}},"3":{"start":{"line":15,"column":0},"end":{"line":15,"column":47}},"4":{"start":{"line":15,"column":27},"end":{"line":15,"column":45}},"5":{"start":{"line":18,"column":0},"end":{"line":18,"column":24}},"6":{"start":{"line":19,"column":0},"end":{"line":19,"column":16}},"7":{"start":{"line":20,"column":0},"end":{"line":20,"column":62}},"8":{"start":{"line":21,"column":0},"end":{"line":24,"column":2}},"9":{"start":{"line":22,"column":4},"end":{"line":22,"column":27}},"10":{"start":{"line":23,"column":4},"end":{"line":23,"column":25}},"11":{"start":{"line":26,"column":0},"end":{"line":26,"column":26}},"12":{"start":{"line":30,"column":13},"end":{"line":30,"column":17}},"13":{"start":{"line":31,"column":15},"end":{"line":33,"column":2}},"14":{"start":{"line":32,"column":2},"end":{"line":32,"column":48}}},"fnMap":{"0":{"name":"(anonymous_0)","decl":{"start":{"line":15,"column":18},"end":{"line":15,"column":19}},"loc":{"start":{"line":15,"column":27},"end":{"line":15,"column":45}},"line":15},"1":{"name":"(anonymous_1)","decl":{"start":{"line":21,"column":16},"end":{"line":21,"column":17}},"loc":{"start":{"line":21,"column":32},"end":{"line":24,"column":1}},"line":21},"2":{"name":"(anonymous_2)","decl":{"start":{"line":31,"column":32},"end":{"line":31,"column":33}},"loc":{"start":{"line":31,"column":38},"end":{"line":33,"column":1}},"line":31}},"branchMap":{},"s":{"0":1,"1":1,"2":1,"3":1,"4":0,"5":1,"6":1,"7":1,"8":1,"9":0,"10":0,"11":1,"12":1,"13":1,"14":1},"f":{"0":0,"1":0,"2":1},"b":{},"_coverageSchema":"1a1c01bbd47fc00a2c39e90264f33305004495a9","hash":"4af6b3192ae3129f8275594f3a62ad4faeaf24cd"}
,"D:\\interview\\gohighlevel\\controllers\\transaction.controller.js": {"path":"D:\\interview\\gohighlevel\\controllers\\transaction.controller.js","statementMap":{"0":{"start":{"line":5,"column":30},"end":{"line":5,"column":32}},"1":{"start":{"line":7,"column":0},"end":{"line":49,"column":1}},"2":{"start":{"line":8,"column":4},"end":{"line":48,"column":7}},"3":{"start":{"line":10,"column":54},"end":{"line":10,"column":63}},"4":{"start":{"line":11,"column":8},"end":{"line":13,"column":9}},"5":{"start":{"line":12,"column":10},"end":{"line":12,"column":72}},"6":{"start":{"line":14,"column":8},"end":{"line":16,"column":9}},"7":{"start":{"line":15,"column":10},"end":{"line":15,"column":73}},"8":{"start":{"line":17,"column":8},"end":{"line":19,"column":9}},"9":{"start":{"line":18,"column":10},"end":{"line":18,"column":74}},"10":{"start":{"line":22,"column":23},"end":{"line":22,"column":67}},"11":{"start":{"line":23,"column":8},"end":{"line":25,"column":9}},"12":{"start":{"line":24,"column":10},"end":{"line":24,"column":71}},"13":{"start":{"line":28,"column":37},"end":{"line":28,"column":114}},"14":{"start":{"line":31,"column":8},"end":{"line":43,"column":7}},"15":{"start":{"line":32,"column":60},"end":{"line":40,"column":11}},"16":{"start":{"line":46,"column":8},"end":{"line":46,"column":29}},"17":{"start":{"line":47,"column":8},"end":{"line":47,"column":58}}},"fnMap":{"0":{"name":"(anonymous_0)","decl":{"start":{"line":7,"column":30},"end":{"line":7,"column":31}},"loc":{"start":{"line":7,"column":49},"end":{"line":49,"column":1}},"line":7},"1":{"name":"(anonymous_1)","decl":{"start":{"line":32,"column":42},"end":{"line":32,"column":43}},"loc":{"start":{"line":32,"column":60},"end":{"line":40,"column":11}},"line":32}},"branchMap":{"0":{"loc":{"start":{"line":11,"column":8},"end":{"line":13,"column":9}},"type":"if","locations":[{"start":{"line":11,"column":8},"end":{"line":13,"column":9}},{"start":{},"end":{}}],"line":11},"1":{"loc":{"start":{"line":11,"column":12},"end":{"line":11,"column":67}},"type":"binary-expr","locations":[{"start":{"line":11,"column":12},"end":{"line":11,"column":21}},{"start":{"line":11,"column":25},"end":{"line":11,"column":67}}],"line":11},"2":{"loc":{"start":{"line":14,"column":8},"end":{"line":16,"column":9}},"type":"if","locations":[{"start":{"line":14,"column":8},"end":{"line":16,"column":9}},{"start":{},"end":{}}],"line":14},"3":{"loc":{"start":{"line":14,"column":12},"end":{"line":14,"column":45}},"type":"binary-expr","locations":[{"start":{"line":14,"column":12},"end":{"line":14,"column":16}},{"start":{"line":14,"column":21},"end":{"line":14,"column":32}},{"start":{"line":14,"column":36},"end":{"line":14,"column":44}}],"line":14},"4":{"loc":{"start":{"line":17,"column":8},"end":{"line":19,"column":9}},"type":"if","locations":[{"start":{"line":17,"column":8},"end":{"line":19,"column":9}},{"start":{},"end":{}}],"line":17},"5":{"loc":{"start":{"line":17,"column":12},"end":{"line":17,"column":48}},"type":"binary-expr","locations":[{"start":{"line":17,"column":12},"end":{"line":17,"column":17}},{"start":{"line":17,"column":22},"end":{"line":17,"column":34}},{"start":{"line":17,"column":38},"end":{"line":17,"column":47}}],"line":17},"6":{"loc":{"start":{"line":23,"column":8},"end":{"line":25,"column":9}},"type":"if","locations":[{"start":{"line":23,"column":8},"end":{"line":25,"column":9}},{"start":{},"end":{}}],"line":23}},"s":{"0":1,"1":1,"2":2,"3":2,"4":2,"5":1,"6":1,"7":0,"8":1,"9":0,"10":1,"11":1,"12":0,"13":1,"14":1,"15":3,"16":0,"17":0},"f":{"0":2,"1":3},"b":{"0":[1,1],"1":[2,2],"2":[0,1],"3":[1,0,0],"4":[0,1],"5":[1,0,0],"6":[0,1]},"_coverageSchema":"1a1c01bbd47fc00a2c39e90264f33305004495a9","hash":"3ed94f1b868abd2d3e78ff793ef48754680aaccd"}
,"D:\\interview\\gohighlevel\\controllers\\wallet.controller.js": {"path":"D:\\interview\\gohighlevel\\controllers\\wallet.controller.js","statementMap":{"0":{"start":{"line":4,"column":24},"end":{"line":4,"column":26}},"1":{"start":{"line":6,"column":0},"end":{"line":46,"column":2}},"2":{"start":{"line":7,"column":2},"end":{"line":45,"column":3}},"3":{"start":{"line":8,"column":4},"end":{"line":10,"column":5}},"4":{"start":{"line":9,"column":6},"end":{"line":9,"column":62}},"5":{"start":{"line":12,"column":30},"end":{"line":12,"column":38}},"6":{"start":{"line":14,"column":4},"end":{"line":16,"column":5}},"7":{"start":{"line":15,"column":6},"end":{"line":15,"column":63}},"8":{"start":{"line":17,"column":4},"end":{"line":19,"column":5}},"9":{"start":{"line":18,"column":6},"end":{"line":18,"column":66}},"10":{"start":{"line":22,"column":19},"end":{"line":22,"column":70}},"11":{"start":{"line":25,"column":24},"end":{"line":31,"column":6}},"12":{"start":{"line":34,"column":4},"end":{"line":40,"column":7}},"13":{"start":{"line":43,"column":4},"end":{"line":43,"column":25}},"14":{"start":{"line":44,"column":4},"end":{"line":44,"column":54}},"15":{"start":{"line":48,"column":0},"end":{"line":98,"column":2}},"16":{"start":{"line":49,"column":2},"end":{"line":97,"column":3}},"17":{"start":{"line":51,"column":25},"end":{"line":51,"column":35}},"18":{"start":{"line":52,"column":36},"end":{"line":52,"column":44}},"19":{"start":{"line":53,"column":4},"end":{"line":55,"column":5}},"20":{"start":{"line":54,"column":6},"end":{"line":54,"column":68}},"21":{"start":{"line":56,"column":4},"end":{"line":58,"column":5}},"22":{"start":{"line":57,"column":6},"end":{"line":57,"column":65}},"23":{"start":{"line":59,"column":4},"end":{"line":61,"column":5}},"24":{"start":{"line":60,"column":6},"end":{"line":60,"column":70}},"25":{"start":{"line":64,"column":19},"end":{"line":64,"column":63}},"26":{"start":{"line":65,"column":4},"end":{"line":67,"column":5}},"27":{"start":{"line":66,"column":6},"end":{"line":66,"column":67}},"28":{"start":{"line":70,"column":4},"end":{"line":72,"column":5}},"29":{"start":{"line":71,"column":6},"end":{"line":71,"column":71}},"30":{"start":{"line":75,"column":26},"end":{"line":78,"column":6}},"31":{"start":{"line":81,"column":24},"end":{"line":87,"column":6}},"32":{"start":{"line":89,"column":4},"end":{"line":92,"column":7}},"33":{"start":{"line":95,"column":4},"end":{"line":95,"column":25}},"34":{"start":{"line":96,"column":4},"end":{"line":96,"column":54}},"35":{"start":{"line":100,"column":0},"end":{"line":126,"column":2}},"36":{"start":{"line":101,"column":2},"end":{"line":125,"column":3}},"37":{"start":{"line":103,"column":19},"end":{"line":103,"column":29}},"38":{"start":{"line":104,"column":4},"end":{"line":106,"column":5}},"39":{"start":{"line":105,"column":6},"end":{"line":105,"column":68}},"40":{"start":{"line":109,"column":19},"end":{"line":109,"column":57}},"41":{"start":{"line":110,"column":4},"end":{"line":112,"column":5}},"42":{"start":{"line":111,"column":6},"end":{"line":111,"column":67}},"43":{"start":{"line":115,"column":4},"end":{"line":120,"column":7}},"44":{"start":{"line":123,"column":4},"end":{"line":123,"column":25}},"45":{"start":{"line":124,"column":4},"end":{"line":124,"column":54}}},"fnMap":{"0":{"name":"(anonymous_0)","decl":{"start":{"line":6,"column":24},"end":{"line":6,"column":25}},"loc":{"start":{"line":6,"column":44},"end":{"line":46,"column":1}},"line":6},"1":{"name":"(anonymous_1)","decl":{"start":{"line":48,"column":27},"end":{"line":48,"column":28}},"loc":{"start":{"line":48,"column":47},"end":{"line":98,"column":1}},"line":48},"2":{"name":"(anonymous_2)","decl":{"start":{"line":100,"column":28},"end":{"line":100,"column":29}},"loc":{"start":{"line":100,"column":48},"end":{"line":126,"column":1}},"line":100}},"branchMap":{"0":{"loc":{"start":{"line":8,"column":4},"end":{"line":10,"column":5}},"type":"if","locations":[{"start":{"line":8,"column":4},"end":{"line":10,"column":5}},{"start":{},"end":{}}],"line":8},"1":{"loc":{"start":{"line":14,"column":4},"end":{"line":16,"column":5}},"type":"if","locations":[{"start":{"line":14,"column":4},"end":{"line":16,"column":5}},{"start":{},"end":{}}],"line":14},"2":{"loc":{"start":{"line":14,"column":8},"end":{"line":14,"column":41}},"type":"binary-expr","locations":[{"start":{"line":14,"column":8},"end":{"line":14,"column":13}},{"start":{"line":14,"column":17},"end":{"line":14,"column":41}}],"line":14},"3":{"loc":{"start":{"line":17,"column":4},"end":{"line":19,"column":5}},"type":"if","locations":[{"start":{"line":17,"column":4},"end":{"line":19,"column":5}},{"start":{},"end":{}}],"line":17},"4":{"loc":{"start":{"line":17,"column":8},"end":{"line":17,"column":46}},"type":"binary-expr","locations":[{"start":{"line":17,"column":8},"end":{"line":17,"column":15}},{"start":{"line":17,"column":19},"end":{"line":17,"column":46}}],"line":17},"5":{"loc":{"start":{"line":53,"column":4},"end":{"line":55,"column":5}},"type":"if","locations":[{"start":{"line":53,"column":4},"end":{"line":55,"column":5}},{"start":{},"end":{}}],"line":53},"6":{"loc":{"start":{"line":53,"column":8},"end":{"line":53,"column":63}},"type":"binary-expr","locations":[{"start":{"line":53,"column":8},"end":{"line":53,"column":17}},{"start":{"line":53,"column":21},"end":{"line":53,"column":63}}],"line":53},"7":{"loc":{"start":{"line":56,"column":4},"end":{"line":58,"column":5}},"type":"if","locations":[{"start":{"line":56,"column":4},"end":{"line":58,"column":5}},{"start":{},"end":{}}],"line":56},"8":{"loc":{"start":{"line":56,"column":8},"end":{"line":56,"column":45}},"type":"binary-expr","locations":[{"start":{"line":56,"column":8},"end":{"line":56,"column":15}},{"start":{"line":56,"column":19},"end":{"line":56,"column":45}}],"line":56},"9":{"loc":{"start":{"line":59,"column":4},"end":{"line":61,"column":5}},"type":"if","locations":[{"start":{"line":59,"column":4},"end":{"line":61,"column":5}},{"start":{},"end":{}}],"line":59},"10":{"loc":{"start":{"line":59,"column":8},"end":{"line":59,"column":55}},"type":"binary-expr","locations":[{"start":{"line":59,"column":8},"end":{"line":59,"column":20}},{"start":{"line":59,"column":24},"end":{"line":59,"column":55}}],"line":59},"11":{"loc":{"start":{"line":65,"column":4},"end":{"line":67,"column":5}},"type":"if","locations":[{"start":{"line":65,"column":4},"end":{"line":67,"column":5}},{"start":{},"end":{}}],"line":65},"12":{"loc":{"start":{"line":70,"column":4},"end":{"line":72,"column":5}},"type":"if","locations":[{"start":{"line":70,"column":4},"end":{"line":72,"column":5}},{"start":{},"end":{}}],"line":70},"13":{"loc":{"start":{"line":70,"column":8},"end":{"line":70,"column":55}},"type":"binary-expr","locations":[{"start":{"line":70,"column":8},"end":{"line":70,"column":18}},{"start":{"line":70,"column":22},"end":{"line":70,"column":55}}],"line":70},"14":{"loc":{"start":{"line":86,"column":12},"end":{"line":86,"column":43}},"type":"cond-expr","locations":[{"start":{"line":86,"column":25},"end":{"line":86,"column":33}},{"start":{"line":86,"column":36},"end":{"line":86,"column":43}}],"line":86},"15":{"loc":{"start":{"line":104,"column":4},"end":{"line":106,"column":5}},"type":"if","locations":[{"start":{"line":104,"column":4},"end":{"line":106,"column":5}},{"start":{},"end":{}}],"line":104},"16":{"loc":{"start":{"line":104,"column":8},"end":{"line":104,"column":51}},"type":"binary-expr","locations":[{"start":{"line":104,"column":8},"end":{"line":104,"column":11}},{"start":{"line":104,"column":15},"end":{"line":104,"column":51}}],"line":104},"17":{"loc":{"start":{"line":110,"column":4},"end":{"line":112,"column":5}},"type":"if","locations":[{"start":{"line":110,"column":4},"end":{"line":112,"column":5}},{"start":{},"end":{}}],"line":110}},"s":{"0":1,"1":1,"2":2,"3":2,"4":0,"5":2,"6":2,"7":1,"8":1,"9":0,"10":1,"11":1,"12":1,"13":0,"14":0,"15":1,"16":3,"17":3,"18":3,"19":3,"20":1,"21":2,"22":0,"23":2,"24":0,"25":2,"26":2,"27":0,"28":2,"29":0,"30":2,"31":2,"32":2,"33":0,"34":0,"35":1,"36":2,"37":2,"38":2,"39":1,"40":1,"41":1,"42":0,"43":1,"44":0,"45":0},"f":{"0":2,"1":3,"2":2},"b":{"0":[0,2],"1":[1,1],"2":[2,1],"3":[0,1],"4":[1,1],"5":[1,2],"6":[3,3],"7":[0,2],"8":[2,2],"9":[0,2],"10":[2,2],"11":[0,2],"12":[0,2],"13":[2,1],"14":[1,1],"15":[1,1],"16":[2,2],"17":[0,1]},"_coverageSchema":"1a1c01bbd47fc00a2c39e90264f33305004495a9","hash":"ea83b97a89bd552be5b9469f105678ee96adf2bd"}
,"D:\\interview\\gohighlevel\\db\\mongoose.js": {"path":"D:\\interview\\gohighlevel\\db\\mongoose.js","statementMap":{"0":{"start":{"line":5,"column":13},"end":{"line":5,"column":17}},"1":{"start":{"line":7,"column":18},"end":{"line":22,"column":1}},"2":{"start":{"line":9,"column":4},"end":{"line":9,"column":111}},"3":{"start":{"line":11,"column":2},"end":{"line":14,"column":3}},"4":{"start":{"line":12,"column":4},"end":{"line":12,"column":46}},"5":{"start":{"line":13,"column":4},"end":{"line":13,"column":32}},"6":{"start":{"line":16,"column":2},"end":{"line":21,"column":5}},"7":{"start":{"line":25,"column":21},"end":{"line":35,"column":1}},"8":{"start":{"line":26,"column":2},"end":{"line":34,"column":3}},"9":{"start":{"line":27,"column":4},"end":{"line":27,"column":38}},"10":{"start":{"line":28,"column":4},"end":{"line":30,"column":5}},"11":{"start":{"line":29,"column":6},"end":{"line":29,"column":26}},"12":{"start":{"line":32,"column":4},"end":{"line":32,"column":21}},"13":{"start":{"line":37,"column":0},"end":{"line":40,"column":2}},"14":{"start":{"line":41,"column":0},"end":{"line":43,"column":3}},"15":{"start":{"line":42,"column":2},"end":{"line":42,"column":49}}},"fnMap":{"0":{"name":"(anonymous_0)","decl":{"start":{"line":7,"column":18},"end":{"line":7,"column":19}},"loc":{"start":{"line":7,"column":30},"end":{"line":22,"column":1}},"line":7},"1":{"name":"(anonymous_1)","decl":{"start":{"line":25,"column":21},"end":{"line":25,"column":22}},"loc":{"start":{"line":25,"column":33},"end":{"line":35,"column":1}},"line":25},"2":{"name":"(anonymous_2)","decl":{"start":{"line":41,"column":33},"end":{"line":41,"column":34}},"loc":{"start":{"line":41,"column":45},"end":{"line":43,"column":1}},"line":41}},"branchMap":{"0":{"loc":{"start":{"line":11,"column":2},"end":{"line":14,"column":3}},"type":"if","locations":[{"start":{"line":11,"column":2},"end":{"line":14,"column":3}},{"start":{},"end":{}}],"line":11},"1":{"loc":{"start":{"line":28,"column":4},"end":{"line":30,"column":5}},"type":"if","locations":[{"start":{"line":28,"column":4},"end":{"line":30,"column":5}},{"start":{},"end":{}}],"line":28}},"s":{"0":1,"1":1,"2":1,"3":1,"4":1,"5":1,"6":1,"7":1,"8":1,"9":1,"10":1,"11":1,"12":0,"13":1,"14":1,"15":1},"f":{"0":1,"1":1,"2":1},"b":{"0":[1,0],"1":[1,0]},"_coverageSchema":"1a1c01bbd47fc00a2c39e90264f33305004495a9","hash":"d8e4f101f15a87973b7ba42503c61479fc94d176"}
,"D:\\interview\\gohighlevel\\models\\transaction.model.js": {"path":"D:\\interview\\gohighlevel\\models\\transaction.model.js","statementMap":{"0":{"start":{"line":4,"column":26},"end":{"line":11,"column":4}},"1":{"start":{"line":13,"column":20},"end":{"line":13,"column":95}}},"fnMap":{},"branchMap":{},"s":{"0":1,"1":1},"f":{},"b":{},"_coverageSchema":"1a1c01bbd47fc00a2c39e90264f33305004495a9","hash":"4a3d071ae0a6ef8a1517cb4ad927eaba7338a5c1"}
,"D:\\interview\\gohighlevel\\models\\wallet.model.js": {"path":"D:\\interview\\gohighlevel\\models\\wallet.model.js","statementMap":{"0":{"start":{"line":3,"column":21},"end":{"line":7,"column":4}},"1":{"start":{"line":9,"column":15},"end":{"line":9,"column":80}}},"fnMap":{},"branchMap":{},"s":{"0":1,"1":1},"f":{},"b":{},"_coverageSchema":"1a1c01bbd47fc00a2c39e90264f33305004495a9","hash":"a5b8cbe96ada2d60309b738e78b534aaf9d6bc87"}
,"D:\\interview\\gohighlevel\\routes\\index.js": {"path":"D:\\interview\\gohighlevel\\routes\\index.js","statementMap":{"0":{"start":{"line":6,"column":19},"end":{"line":6,"column":27}},"1":{"start":{"line":8,"column":0},"end":{"line":8,"column":40}},"2":{"start":{"line":9,"column":0},"end":{"line":9,"column":51}}},"fnMap":{},"branchMap":{},"s":{"0":1,"1":1,"2":1},"f":{},"b":{},"_coverageSchema":"1a1c01bbd47fc00a2c39e90264f33305004495a9","hash":"15f0fbd161856da1df1a7d9a1a064a95ae75ed97"}
,"D:\\interview\\gohighlevel\\routes\\transaction.route.js": {"path":"D:\\interview\\gohighlevel\\routes\\transaction.route.js","statementMap":{"0":{"start":{"line":3,"column":15},"end":{"line":3,"column":23}},"1":{"start":{"line":5,"column":0},"end":{"line":5,"column":45}}},"fnMap":{},"branchMap":{},"s":{"0":1,"1":1},"f":{},"b":{},"_coverageSchema":"1a1c01bbd47fc00a2c39e90264f33305004495a9","hash":"b0e46a1773b2d11d44138b6ab578b5d2e15aaf79"}
,"D:\\interview\\gohighlevel\\routes\\wallet.route.js": {"path":"D:\\interview\\gohighlevel\\routes\\wallet.route.js","statementMap":{"0":{"start":{"line":3,"column":15},"end":{"line":3,"column":23}},"1":{"start":{"line":5,"column":0},"end":{"line":5,"column":45}},"2":{"start":{"line":6,"column":0},"end":{"line":6,"column":61}},"3":{"start":{"line":7,"column":0},"end":{"line":7,"column":46}}},"fnMap":{},"branchMap":{},"s":{"0":1,"1":1,"2":1,"3":1},"f":{},"b":{},"_coverageSchema":"1a1c01bbd47fc00a2c39e90264f33305004495a9","hash":"2f1c2f301c693329dadb9fa52a890c1d71009d45"}
,"D:\\interview\\gohighlevel\\services\\transaction.service.js": {"path":"D:\\interview\\gohighlevel\\services\\transaction.service.js","statementMap":{"0":{"start":{"line":3,"column":27},"end":{"line":3,"column":29}},"1":{"start":{"line":5,"column":0},"end":{"line":18,"column":1}},"2":{"start":{"line":8,"column":25},"end":{"line":11,"column":35}},"3":{"start":{"line":13,"column":18},"end":{"line":13,"column":60}},"4":{"start":{"line":17,"column":4},"end":{"line":17,"column":32}}},"fnMap":{"0":{"name":"(anonymous_0)","decl":{"start":{"line":5,"column":37},"end":{"line":5,"column":38}},"loc":{"start":{"line":5,"column":80},"end":{"line":18,"column":1}},"line":5}},"branchMap":{"0":{"loc":{"start":{"line":10,"column":10},"end":{"line":10,"column":40}},"type":"binary-expr","locations":[{"start":{"line":10,"column":10},"end":{"line":10,"column":35}},{"start":{"line":10,"column":39},"end":{"line":10,"column":40}}],"line":10},"1":{"loc":{"start":{"line":11,"column":11},"end":{"line":11,"column":34}},"type":"binary-expr","locations":[{"start":{"line":11,"column":11},"end":{"line":11,"column":28}},{"start":{"line":11,"column":32},"end":{"line":11,"column":34}}],"line":11}},"s":{"0":1,"1":1,"2":1,"3":1,"4":1},"f":{"0":1},"b":{"0":[1,1],"1":[1,1]},"_coverageSchema":"1a1c01bbd47fc00a2c39e90264f33305004495a9","hash":"7567cc1c1029be4fb60efbf8388d7930d7f66694"}
,"D:\\interview\\gohighlevel\\services\\wallet.service.js": {"path":"D:\\interview\\gohighlevel\\services\\wallet.service.js","statementMap":{"0":{"start":{"line":4,"column":22},"end":{"line":4,"column":24}},"1":{"start":{"line":6,"column":0},"end":{"line":10,"column":2}},"2":{"start":{"line":8,"column":17},"end":{"line":8,"column":46}},"3":{"start":{"line":9,"column":2},"end":{"line":9,"column":29}},"4":{"start":{"line":12,"column":0},"end":{"line":28,"column":2}},"5":{"start":{"line":20,"column":22},"end":{"line":26,"column":4}},"6":{"start":{"line":27,"column":2},"end":{"line":27,"column":34}},"7":{"start":{"line":30,"column":0},"end":{"line":33,"column":2}},"8":{"start":{"line":31,"column":17},"end":{"line":31,"column":48}},"9":{"start":{"line":32,"column":2},"end":{"line":32,"column":16}},"10":{"start":{"line":35,"column":0},"end":{"line":42,"column":2}},"11":{"start":{"line":36,"column":24},"end":{"line":40,"column":3}},"12":{"start":{"line":41,"column":2},"end":{"line":41,"column":23}}},"fnMap":{"0":{"name":"(anonymous_0)","decl":{"start":{"line":6,"column":29},"end":{"line":6,"column":30}},"loc":{"start":{"line":6,"column":58},"end":{"line":10,"column":1}},"line":6},"1":{"name":"(anonymous_1)","decl":{"start":{"line":12,"column":34},"end":{"line":12,"column":35}},"loc":{"start":{"line":18,"column":6},"end":{"line":28,"column":1}},"line":18},"2":{"name":"(anonymous_2)","decl":{"start":{"line":30,"column":31},"end":{"line":30,"column":32}},"loc":{"start":{"line":30,"column":51},"end":{"line":33,"column":1}},"line":30},"3":{"name":"(anonymous_3)","decl":{"start":{"line":35,"column":36},"end":{"line":35,"column":37}},"loc":{"start":{"line":35,"column":68},"end":{"line":42,"column":1}},"line":35}},"branchMap":{},"s":{"0":1,"1":1,"2":1,"3":1,"4":1,"5":3,"6":3,"7":1,"8":4,"9":4,"10":1,"11":2,"12":2},"f":{"0":1,"1":3,"2":4,"3":2},"b":{},"_coverageSchema":"1a1c01bbd47fc00a2c39e90264f33305004495a9","hash":"397d31691b50401d71498ec85433d67d48bd1351"}
}
