TN:
SF:index.js
FN:15,(anonymous_0)
FN:21,(anonymous_1)
FN:31,(anonymous_2)
FNF:3
FNH:1
FNDA:0,(anonymous_0)
FNDA:0,(anonymous_1)
FNDA:1,(anonymous_2)
DA:7,1
DA:8,1
DA:12,1
DA:15,1
DA:18,1
DA:19,1
DA:20,1
DA:21,1
DA:22,0
DA:23,0
DA:26,1
DA:30,1
DA:31,1
DA:32,1
LF:14
LH:12
BRF:0
BRH:0
end_of_record
TN:
SF:controllers\transaction.controller.js
FN:7,(anonymous_0)
FN:32,(anonymous_1)
FNF:2
FNH:2
FNDA:2,(anonymous_0)
FNDA:3,(anonymous_1)
DA:5,1
DA:7,1
DA:8,2
DA:10,2
DA:11,2
DA:12,1
DA:14,1
DA:15,0
DA:17,1
DA:18,0
DA:22,1
DA:23,1
DA:24,0
DA:28,1
DA:31,1
DA:32,3
DA:46,0
DA:47,0
LF:18
LH:13
BRDA:11,0,0,1
BRDA:11,0,1,1
BRDA:11,1,0,2
BRDA:11,1,1,2
BRDA:14,2,0,0
BRDA:14,2,1,1
BRDA:14,3,0,1
BRDA:14,3,1,0
BRDA:14,3,2,0
BRDA:17,4,0,0
BRDA:17,4,1,1
BRDA:17,5,0,1
BRDA:17,5,1,0
BRDA:17,5,2,0
BRDA:23,6,0,0
BRDA:23,6,1,1
BRF:16
BRH:9
end_of_record
TN:
SF:controllers\wallet.controller.js
FN:6,(anonymous_0)
FN:48,(anonymous_1)
FN:100,(anonymous_2)
FNF:3
FNH:3
FNDA:2,(anonymous_0)
FNDA:3,(anonymous_1)
FNDA:2,(anonymous_2)
DA:4,1
DA:6,1
DA:7,2
DA:8,2
DA:9,0
DA:12,2
DA:14,2
DA:15,1
DA:17,1
DA:18,0
DA:22,1
DA:25,1
DA:34,1
DA:43,0
DA:44,0
DA:48,1
DA:49,3
DA:51,3
DA:52,3
DA:53,3
DA:54,1
DA:56,2
DA:57,0
DA:59,2
DA:60,0
DA:64,2
DA:65,2
DA:66,0
DA:70,2
DA:71,0
DA:75,2
DA:81,2
DA:89,2
DA:95,0
DA:96,0
DA:100,1
DA:101,2
DA:103,2
DA:104,2
DA:105,1
DA:109,1
DA:110,1
DA:111,0
DA:115,1
DA:123,0
DA:124,0
LF:46
LH:33
BRDA:8,0,0,0
BRDA:8,0,1,2
BRDA:14,1,0,1
BRDA:14,1,1,1
BRDA:14,2,0,2
BRDA:14,2,1,1
BRDA:17,3,0,0
BRDA:17,3,1,1
BRDA:17,4,0,1
BRDA:17,4,1,1
BRDA:53,5,0,1
BRDA:53,5,1,2
BRDA:53,6,0,3
BRDA:53,6,1,3
BRDA:56,7,0,0
BRDA:56,7,1,2
BRDA:56,8,0,2
BRDA:56,8,1,2
BRDA:59,9,0,0
BRDA:59,9,1,2
BRDA:59,10,0,2
BRDA:59,10,1,2
BRDA:65,11,0,0
BRDA:65,11,1,2
BRDA:70,12,0,0
BRDA:70,12,1,2
BRDA:70,13,0,2
BRDA:70,13,1,1
BRDA:86,14,0,1
BRDA:86,14,1,1
BRDA:104,15,0,1
BRDA:104,15,1,1
BRDA:104,16,0,2
BRDA:104,16,1,2
BRDA:110,17,0,0
BRDA:110,17,1,1
BRF:36
BRH:29
end_of_record
TN:
SF:db\mongoose.js
FN:7,(anonymous_0)
FN:25,(anonymous_1)
FN:41,(anonymous_2)
FNF:3
FNH:3
FNDA:1,(anonymous_0)
FNDA:1,(anonymous_1)
FNDA:1,(anonymous_2)
DA:5,1
DA:7,1
DA:9,1
DA:11,1
DA:12,1
DA:13,1
DA:16,1
DA:25,1
DA:26,1
DA:27,1
DA:28,1
DA:29,1
DA:32,0
DA:37,1
DA:41,1
DA:42,1
LF:16
LH:15
BRDA:11,0,0,1
BRDA:11,0,1,0
BRDA:28,1,0,1
BRDA:28,1,1,0
BRF:4
BRH:2
end_of_record
TN:
SF:models\transaction.model.js
FNF:0
FNH:0
DA:4,1
DA:13,1
LF:2
LH:2
BRF:0
BRH:0
end_of_record
TN:
SF:models\wallet.model.js
FNF:0
FNH:0
DA:3,1
DA:9,1
LF:2
LH:2
BRF:0
BRH:0
end_of_record
TN:
SF:routes\index.js
FNF:0
FNH:0
DA:6,1
DA:8,1
DA:9,1
LF:3
LH:3
BRF:0
BRH:0
end_of_record
TN:
SF:routes\transaction.route.js
FNF:0
FNH:0
DA:3,1
DA:5,1
LF:2
LH:2
BRF:0
BRH:0
end_of_record
TN:
SF:routes\wallet.route.js
FNF:0
FNH:0
DA:3,1
DA:5,1
DA:6,1
DA:7,1
LF:4
LH:4
BRF:0
BRH:0
end_of_record
TN:
SF:services\transaction.service.js
FN:5,(anonymous_0)
FNF:1
FNH:1
FNDA:1,(anonymous_0)
DA:3,1
DA:5,1
DA:8,1
DA:13,1
DA:17,1
LF:5
LH:5
BRDA:10,0,0,1
BRDA:10,0,1,1
BRDA:11,1,0,1
BRDA:11,1,1,1
BRF:4
BRH:4
end_of_record
TN:
SF:services\wallet.service.js
FN:6,(anonymous_0)
FN:12,(anonymous_1)
FN:30,(anonymous_2)
FN:35,(anonymous_3)
FNF:4
FNH:4
FNDA:1,(anonymous_0)
FNDA:3,(anonymous_1)
FNDA:4,(anonymous_2)
FNDA:2,(anonymous_3)
DA:4,1
DA:6,1
DA:8,1
DA:9,1
DA:12,1
DA:20,3
DA:27,3
DA:30,1
DA:31,4
DA:32,4
DA:35,1
DA:36,2
DA:41,2
LF:13
LH:13
BRF:0
BRH:0
end_of_record
